[2014-04-01 19:54:01] FirstTestCept.php.INFO: see "Login" [] []
[2014-04-01 19:54:01] FirstTestCept.php.ALERT: Element not found with xpath, //html  [] []
[2014-04-01 19:54:01] FirstTestCept.php.INFO: # ERROR # [] []
[2014-04-01 19:54:01] FirstTestCept.php.INFO: PASSED [] []
[2014-04-01 19:54:56] FirstTestCept.php.INFO: am on page "/" [] []
[2014-04-01 19:54:56] FirstTestCept.php.INFO: see "div","div" [] []
[2014-04-01 19:54:56] FirstTestCept.php.ALERT: 'div' selector. Failed asserting that  --><info></info> --> contains "div". [] []
[2014-04-01 19:54:56] FirstTestCept.php.INFO: # FAILED # [] []
[2014-04-01 19:54:56] FirstTestCept.php.INFO: PASSED [] []
[2014-04-01 19:55:44] FirstTestCept.php.INFO: am on page "/" [] []
[2014-04-01 19:55:44] FirstTestCept.php.INFO: see "div","div" [] []
[2014-04-01 19:55:44] FirstTestCept.php.ALERT: 'div' selector. Failed asserting that  --><info></info> --> contains "div". [] []
[2014-04-01 19:55:44] FirstTestCept.php.INFO: # FAILED # [] []
[2014-04-01 19:55:44] FirstTestCept.php.INFO: PASSED [] []
[2014-04-01 20:07:27] FirstTestCept.php.INFO: am on page "/" [] []
[2014-04-01 20:07:28] FirstTestCept.php.INFO: see "div","div" [] []
[2014-04-01 20:07:29] FirstTestCept.php.INFO: PASSED [] []
[2014-04-01 20:07:49] FirstTestCept.php.INFO: am on page "/" [] []
[2014-04-01 20:07:50] FirstTestCept.php.INFO: see "div","div" [] []
[2014-04-01 20:07:51] FirstTestCept.php.INFO: PASSED [] []
[2014-04-01 20:08:27] FirstTestCept.php.INFO: am on page "/signup.php" [] []
[2014-04-01 20:08:29] FirstTestCept.php.ALERT: Call to undefined method SeleniumGuy::submitForm [] []
[2014-04-01 20:08:29] FirstTestCept.php.INFO: # ERROR # [] []
[2014-04-01 20:08:29] FirstTestCept.php.INFO: PASSED [] []
[2014-04-01 20:08:57] FirstTestCept.php.ALERT: Call to undefined method SeleniumGuy::submitForm [] []
[2014-04-01 20:08:57] FirstTestCept.php.INFO: # ERROR # [] []
[2014-04-01 20:08:57] FirstTestCept.php.INFO: PASSED [] []
[2014-04-01 20:09:48] FirstTestCept.php.ALERT: Call to undefined method SeleniumGuy::submitForm [] []
[2014-04-01 20:09:48] FirstTestCept.php.INFO: # ERROR # [] []
[2014-04-01 20:09:48] FirstTestCept.php.INFO: PASSED [] []
[2014-04-01 20:10:17] FirstTestCept.php.ALERT: Call to undefined method SeleniumGuy::submitForm [] []
[2014-04-01 20:10:17] FirstTestCept.php.INFO: # ERROR # [] []
[2014-04-01 20:10:17] FirstTestCept.php.INFO: PASSED [] []
[2014-04-01 20:10:40] FirstTestCept.php.ALERT: Call to undefined method SeleniumGuy::submitForm [] []
[2014-04-01 20:10:40] FirstTestCept.php.INFO: # ERROR # [] []
[2014-04-01 20:10:41] FirstTestCept.php.INFO: PASSED [] []
[2014-04-01 20:10:56] FirstTestCept.php.INFO: see "div" [] []
[2014-04-01 20:10:56] FirstTestCept.php.ALERT: Failed asserting that  -->  <bold>blank</bold><info></info> --> contains "div". [] []
[2014-04-01 20:10:56] FirstTestCept.php.INFO: # FAILED # [] []
[2014-04-01 20:10:56] FirstTestCept.php.INFO: PASSED [] []
[2014-04-01 20:11:15] FirstTestCept.php.INFO: am on page "/" [] []
[2014-04-01 20:11:18] FirstTestCept.php.INFO: see "div","div" [] []
[2014-04-01 20:11:19] FirstTestCept.php.ALERT: 'div' selector. Failed asserting that  -->  <bold>/test/login/signup.php/</bold><info>Create an account Select Your Firstname: * Select Your Lastname: * Select Your Username: * Select Your Password: * Select Your Email: *--> Create an account</info> --> contains "div". [] []
[2014-04-01 20:11:19] FirstTestCept.php.INFO: # FAILED # [] []
[2014-04-01 20:11:19] FirstTestCept.php.INFO: PASSED [] []
[2014-04-01 20:11:42] FirstTestCept.php.INFO: am on page "/" [] []
[2014-04-01 20:11:45] FirstTestCept.php.INFO: see "first" [] []
[2014-04-01 20:11:45] FirstTestCept.php.INFO: PASSED [] []
[2014-04-01 20:12:07] FirstTestCept.php.INFO: am on page "/" [] []
[2014-04-01 20:12:10] FirstTestCept.php.ALERT: Call to undefined method SeleniumGuy::submitForm [] []
[2014-04-01 20:12:10] FirstTestCept.php.INFO: # ERROR # [] []
[2014-04-01 20:12:10] FirstTestCept.php.INFO: PASSED [] []
[2014-04-01 20:14:28] FirstTestCept.php.INFO: am on page "/" [] []
[2014-04-01 20:14:31] FirstTestCept.php.INFO: submit form ".form-signup",{"firstname":"alex","lastname":"litv","username":"litvin123","password":"123","email":"litv@litv.com"} [] []
[2014-04-01 20:14:31] FirstTestCept.php.ALERT: Undefined index: submitForm [] []
[2014-04-01 20:14:31] FirstTestCept.php.INFO: # ERROR # [] []
[2014-04-01 20:14:32] FirstTestCept.php.INFO: PASSED [] []
